2016-01-09 22:30:56: -- Analysis Started by Periodic Timer, Under Runner
2016-01-09 22:30:56: bes0015005e5c3c: ANALYSIS started by Periodic Timer, Under Runner on 'WS_SGB_PQ' (GoodSync 9.9.13.5)
2016-01-09 22:30:56: C:\BES2016\ADSCLIPS (C:/BES2016/ADSCLIPS) [TmpDest] [NoGsData] <-> \\BES0015005E5C3C\uploadtobus (//BES0015005E5C3C/uploadtobus) [TmpDest], SavePrevVers, CleanupPrevVers=30d, SyncWorkerThreads=4, LinksCopy, ReconnectSecs=120, ResolveConflicts=NewerFileWins
2016-01-09 22:30:56: Exclude Hidden, Exclude System, Exclude licens*.rfo|cache.rfo|mru.rfo|mpp*.rfo|RoboForm Online Account.rfp|name *._gstmp|/System Volume Information|Thumbs.db|.DS_Store 
2016-01-09 22:30:56: Locking folder C:/BES2016/ADSCLIPS for write
2016-01-09 22:30:56: L: Read state from mirror C:/Users/workstation/AppData/Roaming/GoodSync/_mirrors_/C-BES2016-ADSCLIPS/_file_state_v4._gs
2016-01-09 22:30:56: L: Files: 7 (excluded 0). Folders: 0 (excluded 0). Times (s): Folder Scan: 0.016 (437 f/s), Compare: 0.000 C: NTFS, Free: 33.4 GB, Total: 59.5 GB
2016-01-09 22:30:56: Locking folder //BES0015005E5C3C/uploadtobus for write
2016-01-09 22:30:57: Give up on SetFileOwner: file=//BES0015005E5C3C/uploadtobus/_gsdata_/lock.gsl smb=1 error=WinFileSys::SetFileOwnerIfYouCan: This security ID may not be assigned as the owner of this object.  (error 1307)
2016-01-09 22:30:57: R: Reading State File //BES0015005E5C3C/uploadtobus/_gsdata_/_file_state_v4._gs
2016-01-09 22:30:58: R: Files: 6 (excluded 0). Folders: 0 (excluded 1). Times (s): Folder Scan: 1.684 (4 f/s), Compare: 0.000 //BES0015005E5C3C/uploadtobus NTFS, Free: 45.1 GB, Total: 54.7 GB
2016-01-09 22:30:58: On disk file:///C: space required for sync is 0 bytes, you have 33.4 GB
2016-01-09 22:30:58: On disk smb://BES0015005E5C3C/uploadtobus space required for sync is 20.9 MB, you have 45.1 GB
2016-01-09 22:30:58: Changes: 1, Conflicts: 0, CopyTime: 0, CopyState: 0/0, Errors: 0, All: 19
2016-01-09 22:30:58: Left to Right: Copy File: 1 
2016-01-09 22:30:58: -- Analysis Complete. Time 00:00:02, Speed: 4 files/s
2016-01-09 22:30:58: == Sync Started by Periodic Timer, Under Runner
2016-01-09 22:30:58: bes0015005e5c3c: SYNC started by Periodic Timer, Under Runner on 'WS_SGB_PQ'
2016-01-09 22:30:58: C:\BES2016\ADSCLIPS (C:/BES2016/ADSCLIPS) [TmpDest] [NoGsData] <-> \\BES0015005E5C3C\uploadtobus (//BES0015005E5C3C/uploadtobus) [TmpDest], SavePrevVers, CleanupPrevVers=30d, SyncWorkerThreads=4, LinksCopy, ReconnectSecs=120, ResolveConflicts=NewerFileWins
2016-01-09 22:30:58: Start only 1 threads, limited by tasks to run
2016-01-09 22:34:14: Waiting for 8 seconds: The specified network name is no longer available.  (error 64)
2016-01-09 22:45:02: Give up on SetFileOwner: file=//BES0015005E5C3C/uploadtobus/_gsdata_/a3a8156db8e3e560bd04db1e783567cc._gstmp smb=1 error=WinFileSys::SetFileOwnerIfYouCan: This security ID may not be assigned as the owner of this object.  (error 1307)
2016-01-09 22:45:02: Copy New 'C:/BES2016/ADSCLIPS/C5czWeq8IXGVEtJn.mp4' -> '//BES0015005E5C3C/uploadtobus/C5czWeq8IXGVEtJn.mp4'
2016-01-09 22:45:02: Save State File C:/Users/workstation/AppData/Roaming/GoodSync/_mirrors_/C-BES2016-ADSCLIPS/_file_state_v4._gs
2016-01-09 22:45:02: Save State File //BES0015005E5C3C/uploadtobus/_gsdata_/_file_state_v4._gs
2016-01-09 22:45:03: == Sync Complete. Time: 00:14:05, Speed: 25.4 KB/s, OK: 1, Errors: 0
2016-01-09 22:45:03: Unlocking mirror folder C:/Users/workstation/AppData/Roaming/GoodSync/_mirrors_/C-BES2016-ADSCLIPS/lock.gsl
2016-01-09 22:45:03: Unlocking folder //BES0015005E5C3C/uploadtobus/_gsdata_/lock.gsl
2016-01-09 22:45:03: 
