2016-01-09 19:09:55: -- Analysis Started by Periodic Timer, Under Runner
2016-01-09 19:09:55: bes0015005e5c3c: ANALYSIS started by Periodic Timer, Under Runner on 'WS_SGB_PQ' (GoodSync 9.9.13.5)
2016-01-09 19:09:55: C:\BES2016\ADSCLIPS (C:/BES2016/ADSCLIPS) [TmpDest] [NoGsData] <-> \\BES0015005E5C3C\uploadtobus (//BES0015005E5C3C/uploadtobus) [TmpDest], SavePrevVers, CleanupPrevVers=30d, SyncWorkerThreads=4, LinksCopy, ReconnectSecs=120, ResolveConflicts=NewerFileWins
2016-01-09 19:09:55: Exclude Hidden, Exclude System, Exclude licens*.rfo|cache.rfo|mru.rfo|mpp*.rfo|RoboForm Online Account.rfp|name *._gstmp|/System Volume Information|Thumbs.db|.DS_Store 
2016-01-09 19:09:55: Locking folder C:/BES2016/ADSCLIPS for write
2016-01-09 19:09:55: L: Read state from mirror C:/Users/workstation/AppData/Roaming/GoodSync/_mirrors_/C-BES2016-ADSCLIPS/_file_state_v4._gs
2016-01-09 19:09:55: L: Files: 4 (excluded 0). Folders: 0 (excluded 0). Times (s): Folder Scan: 0.000 (100000 f/s), Compare: 0.000 C: NTFS, Free: 33.7 GB, Total: 59.5 GB
2016-01-09 19:09:55: Locking folder //BES0015005E5C3C/uploadtobus for write
2016-01-09 19:09:56: Give up on SetFileOwner: file=//BES0015005E5C3C/uploadtobus/_gsdata_/lock.gsl smb=1 error=WinFileSys::SetFileOwnerIfYouCan: This security ID may not be assigned as the owner of this object.  (error 1307)
2016-01-09 19:09:56: R: Reading State File //BES0015005E5C3C/uploadtobus/_gsdata_/_file_state_v4._gs
2016-01-09 19:09:56: R: Files: 14 (excluded 0). Folders: 1 (excluded 1). Times (s): Folder Scan: 0.733 (21 f/s), Compare: 0.000 //BES0015005E5C3C/uploadtobus NTFS, Free: 45.2 GB, Total: 54.7 GB
2016-01-09 19:09:56: On disk file:///C: space required for sync is 0 bytes, you have 33.7 GB
2016-01-09 19:09:56: On disk smb://BES0015005E5C3C/uploadtobus space required for sync is 0 bytes, you have 45.2 GB
2016-01-09 19:09:56: Changes: 11, Conflicts: 0, CopyTime: 0, CopyState: 0/0, Errors: 0, All: 16
2016-01-09 19:09:56: Left to Right: Delete File: 11 
2016-01-09 19:09:56: -- Analysis Complete. Time 00:00:02, Speed: 8 files/s
2016-01-09 19:09:56: == Sync Started by Periodic Timer, Under Runner
2016-01-09 19:09:56: bes0015005e5c3c: SYNC started by Periodic Timer, Under Runner on 'WS_SGB_PQ'
2016-01-09 19:09:56: C:\BES2016\ADSCLIPS (C:/BES2016/ADSCLIPS) [TmpDest] [NoGsData] <-> \\BES0015005E5C3C\uploadtobus (//BES0015005E5C3C/uploadtobus) [TmpDest], SavePrevVers, CleanupPrevVers=30d, SyncWorkerThreads=4, LinksCopy, ReconnectSecs=120, ResolveConflicts=NewerFileWins
2016-01-09 19:09:56: Initialize _saved_ folder tracking in the state: //BES0015005E5C3C/uploadtobus/_gsdata_/_recycled_db._gs, set to: 2015-12-25 19:09:56
2016-01-09 19:09:56: Delete File '//BES0015005E5C3C/uploadtobus/8o4PUaCLt0T7NMcw/8o4PUaCLt0T7NMcw_splited_0.mp4'
2016-01-09 19:09:57: Delete File '//BES0015005E5C3C/uploadtobus/8o4PUaCLt0T7NMcw/8o4PUaCLt0T7NMcw_splited_1.mp4'
2016-01-09 19:09:57: Delete File '//BES0015005E5C3C/uploadtobus/8o4PUaCLt0T7NMcw/8o4PUaCLt0T7NMcw_splited_2.mp4'
2016-01-09 19:09:57: Delete File '//BES0015005E5C3C/uploadtobus/8o4PUaCLt0T7NMcw/8o4PUaCLt0T7NMcw_splited_3.mp4'
2016-01-09 19:09:57: Delete File '//BES0015005E5C3C/uploadtobus/8o4PUaCLt0T7NMcw/8o4PUaCLt0T7NMcw_splited_4.mp4'
2016-01-09 19:09:57: Delete File '//BES0015005E5C3C/uploadtobus/8o4PUaCLt0T7NMcw/8o4PUaCLt0T7NMcw_splited_5.mp4'
2016-01-09 19:09:57: Delete File '//BES0015005E5C3C/uploadtobus/8o4PUaCLt0T7NMcw/8o4PUaCLt0T7NMcw_splited_6.mp4'
2016-01-09 19:09:57: Delete File '//BES0015005E5C3C/uploadtobus/8o4PUaCLt0T7NMcw/8o4PUaCLt0T7NMcw_splited_7.mp4'
2016-01-09 19:09:57: Delete File '//BES0015005E5C3C/uploadtobus/8o4PUaCLt0T7NMcw/8o4PUaCLt0T7NMcw_splited_8.mp4'
2016-01-09 19:09:57: Delete File '//BES0015005E5C3C/uploadtobus/8o4PUaCLt0T7NMcw/8o4PUaCLt0T7NMcw_splited_9.mp4'
2016-01-09 19:09:57: Delete Folder '//BES0015005E5C3C/uploadtobus/8o4PUaCLt0T7NMcw'
2016-01-09 19:09:57: Start only 0 threads, limited by tasks to run
2016-01-09 19:09:57: Save State File C:/Users/workstation/AppData/Roaming/GoodSync/_mirrors_/C-BES2016-ADSCLIPS/_file_state_v4._gs
2016-01-09 19:09:57: Save State File //BES0015005E5C3C/uploadtobus/_gsdata_/_file_state_v4._gs
2016-01-09 19:09:57: Save Recycled DB: //BES0015005E5C3C/uploadtobus/_gsdata_/_recycled_db._gs
2016-01-09 19:09:57: == Sync Complete. Time: 00:00:01, Speed: 5.00 KB/s, OK: 11, Errors: 0
2016-01-09 19:09:57: Unlocking mirror folder C:/Users/workstation/AppData/Roaming/GoodSync/_mirrors_/C-BES2016-ADSCLIPS/lock.gsl
2016-01-09 19:09:57: Unlocking folder //BES0015005E5C3C/uploadtobus/_gsdata_/lock.gsl
2016-01-09 19:09:57: 
