2016-01-10 00:48:07: -- Analysis Started by Periodic Timer, Under Runner
2016-01-10 00:48:07: bes0015005e5c3c: ANALYSIS started by Periodic Timer, Under Runner on 'WS_SGB_PQ' (GoodSync 9.9.13.5)
2016-01-10 00:48:07: C:\BES2016\ADSCLIPS (C:/BES2016/ADSCLIPS) [TmpDest] [NoGsData] <-> \\BES0015005E5C3C\uploadtobus (//BES0015005E5C3C/uploadtobus) [TmpDest], SavePrevVers, CleanupPrevVers=30d, SyncWorkerThreads=4, LinksCopy, ReconnectSecs=120, ResolveConflicts=NewerFileWins
2016-01-10 00:48:07: Exclude Hidden, Exclude System, Exclude licens*.rfo|cache.rfo|mru.rfo|mpp*.rfo|RoboForm Online Account.rfp|name *._gstmp|/System Volume Information|Thumbs.db|.DS_Store 
2016-01-10 00:48:08: Locking folder C:/BES2016/ADSCLIPS for write
2016-01-10 00:48:08: L: Read state from mirror C:/Users/workstation/AppData/Roaming/GoodSync/_mirrors_/C-BES2016-ADSCLIPS/_file_state_v4._gs
2016-01-10 00:48:08: L: Files: 12 (excluded 0). Folders: 0 (excluded 0). Times (s): Folder Scan: 0.016 (750 f/s), Compare: 0.000 C: NTFS, Free: 33.2 GB, Total: 59.5 GB
2016-01-10 00:48:08: Locking folder //BES0015005E5C3C/uploadtobus for write
2016-01-10 00:48:08: Give up on SetFileOwner: file=//BES0015005E5C3C/uploadtobus/_gsdata_/lock.gsl smb=1 error=WinFileSys::SetFileOwnerIfYouCan: This security ID may not be assigned as the owner of this object.  (error 1307)
2016-01-10 00:48:08: R: Reading State File //BES0015005E5C3C/uploadtobus/_gsdata_/_file_state_v4._gs
2016-01-10 00:48:08: R: Files: 11 (excluded 0). Folders: 0 (excluded 1). Times (s): Folder Scan: 0.468 (25 f/s), Compare: 0.000 //BES0015005E5C3C/uploadtobus NTFS, Free: 45.1 GB, Total: 54.7 GB
2016-01-10 00:48:08: On disk file:///C: space required for sync is 0 bytes, you have 33.2 GB
2016-01-10 00:48:08: On disk smb://BES0015005E5C3C/uploadtobus space required for sync is 7.77 MB, you have 45.1 GB
2016-01-10 00:48:08: Changes: 1, Conflicts: 0, CopyTime: 0, CopyState: 0/0, Errors: 0, All: 25
2016-01-10 00:48:08: Left to Right: Copy File: 1 
2016-01-10 00:48:08: -- Analysis Complete. Time 00:00:01, Speed: 13 files/s
2016-01-10 00:48:08: == Sync Started by Periodic Timer, Under Runner
2016-01-10 00:48:08: bes0015005e5c3c: SYNC started by Periodic Timer, Under Runner on 'WS_SGB_PQ'
2016-01-10 00:48:08: C:\BES2016\ADSCLIPS (C:/BES2016/ADSCLIPS) [TmpDest] [NoGsData] <-> \\BES0015005E5C3C\uploadtobus (//BES0015005E5C3C/uploadtobus) [TmpDest], SavePrevVers, CleanupPrevVers=30d, SyncWorkerThreads=4, LinksCopy, ReconnectSecs=120, ResolveConflicts=NewerFileWins
2016-01-10 00:48:08: Start only 1 threads, limited by tasks to run
2016-01-10 00:48:30: Give up on SetFileOwner: file=//BES0015005E5C3C/uploadtobus/_gsdata_/d20c1774c427096fe1e2bc6a3704c5bc._gstmp smb=1 error=WinFileSys::SetFileOwnerIfYouCan: This security ID may not be assigned as the owner of this object.  (error 1307)
2016-01-10 00:48:30: Copy New 'C:/BES2016/ADSCLIPS/cvwkFD2LtQJebSlr.mp4' -> '//BES0015005E5C3C/uploadtobus/cvwkFD2LtQJebSlr.mp4'
2016-01-10 00:48:30: Save State File C:/Users/workstation/AppData/Roaming/GoodSync/_mirrors_/C-BES2016-ADSCLIPS/_file_state_v4._gs
2016-01-10 00:48:30: Save State File //BES0015005E5C3C/uploadtobus/_gsdata_/_file_state_v4._gs
2016-01-10 00:48:30: == Sync Complete. Time: 00:00:22, Speed: 361 KB/s, OK: 1, Errors: 0
2016-01-10 00:48:30: Unlocking mirror folder C:/Users/workstation/AppData/Roaming/GoodSync/_mirrors_/C-BES2016-ADSCLIPS/lock.gsl
2016-01-10 00:48:30: Unlocking folder //BES0015005E5C3C/uploadtobus/_gsdata_/lock.gsl
2016-01-10 00:48:30: 
