2016-01-09 22:46:07: -- Analysis Started by Periodic Timer, Under Runner
2016-01-09 22:46:07: bes0015005e5c3c: ANALYSIS started by Periodic Timer, Under Runner on 'WS_SGB_PQ' (GoodSync 9.9.13.5)
2016-01-09 22:46:07: C:\BES2016\ADSCLIPS (C:/BES2016/ADSCLIPS) [TmpDest] [NoGsData] <-> \\BES0015005E5C3C\uploadtobus (//BES0015005E5C3C/uploadtobus) [TmpDest], SavePrevVers, CleanupPrevVers=30d, SyncWorkerThreads=4, LinksCopy, ReconnectSecs=120, ResolveConflicts=NewerFileWins
2016-01-09 22:46:07: Exclude Hidden, Exclude System, Exclude licens*.rfo|cache.rfo|mru.rfo|mpp*.rfo|RoboForm Online Account.rfp|name *._gstmp|/System Volume Information|Thumbs.db|.DS_Store 
2016-01-09 22:46:07: Locking folder C:/BES2016/ADSCLIPS for write
2016-01-09 22:46:07: L: Read state from mirror C:/Users/workstation/AppData/Roaming/GoodSync/_mirrors_/C-BES2016-ADSCLIPS/_file_state_v4._gs
2016-01-09 22:46:07: L: Files: 6 (excluded 0). Folders: 0 (excluded 0). Times (s): Folder Scan: 0.016 (375 f/s), Compare: 0.000 C: NTFS, Free: 32.5 GB, Total: 59.5 GB
2016-01-09 22:46:07: Locking folder //BES0015005E5C3C/uploadtobus for write
2016-01-09 22:46:08: Give up on SetFileOwner: file=//BES0015005E5C3C/uploadtobus/_gsdata_/lock.gsl smb=1 error=WinFileSys::SetFileOwnerIfYouCan: This security ID may not be assigned as the owner of this object.  (error 1307)
2016-01-09 22:46:08: R: Reading State File //BES0015005E5C3C/uploadtobus/_gsdata_/_file_state_v4._gs
2016-01-09 22:46:09: R: Files: 7 (excluded 0). Folders: 0 (excluded 1). Times (s): Folder Scan: 1.560 (5 f/s), Compare: 0.000 //BES0015005E5C3C/uploadtobus NTFS, Free: 45.1 GB, Total: 54.7 GB
2016-01-09 22:46:09: On disk file:///C: space required for sync is 0 bytes, you have 32.5 GB
2016-01-09 22:46:09: On disk smb://BES0015005E5C3C/uploadtobus space required for sync is 0 bytes, you have 45.1 GB
2016-01-09 22:46:09: Changes: 1, Conflicts: 0, CopyTime: 0, CopyState: 0/0, Errors: 0, All: 19
2016-01-09 22:46:09: Left to Right: Delete File: 1 
2016-01-09 22:46:09: -- Analysis Complete. Time 00:00:04, Speed: 2 files/s
2016-01-09 22:46:09: == Sync Started by Periodic Timer, Under Runner
2016-01-09 22:46:09: bes0015005e5c3c: SYNC started by Periodic Timer, Under Runner on 'WS_SGB_PQ'
2016-01-09 22:46:09: C:\BES2016\ADSCLIPS (C:/BES2016/ADSCLIPS) [TmpDest] [NoGsData] <-> \\BES0015005E5C3C\uploadtobus (//BES0015005E5C3C/uploadtobus) [TmpDest], SavePrevVers, CleanupPrevVers=30d, SyncWorkerThreads=4, LinksCopy, ReconnectSecs=120, ResolveConflicts=NewerFileWins
2016-01-09 22:46:10: Load Recycled DB: //BES0015005E5C3C/uploadtobus/_gsdata_/_recycled_db._gs
2016-01-09 22:46:10: Delete File '//BES0015005E5C3C/uploadtobus/fGt4UcC5sMSWXhik.mp4'
2016-01-09 22:46:10: Start only 0 threads, limited by tasks to run
2016-01-09 22:46:10: Save State File C:/Users/workstation/AppData/Roaming/GoodSync/_mirrors_/C-BES2016-ADSCLIPS/_file_state_v4._gs
2016-01-09 22:46:12: Save State File //BES0015005E5C3C/uploadtobus/_gsdata_/_file_state_v4._gs
2016-01-09 22:46:12: Save Recycled DB: //BES0015005E5C3C/uploadtobus/_gsdata_/_recycled_db._gs
2016-01-09 22:46:12: == Sync Complete. Time: 00:00:03, Speed: 117 bytes/s, OK: 1, Errors: 0
2016-01-09 22:46:12: Unlocking mirror folder C:/Users/workstation/AppData/Roaming/GoodSync/_mirrors_/C-BES2016-ADSCLIPS/lock.gsl
2016-01-09 22:46:12: Unlocking folder //BES0015005E5C3C/uploadtobus/_gsdata_/lock.gsl
2016-01-09 22:46:13: 
